This file contains any messages produced by compilers while
running configure, to aid debugging if configure makes a mistake.

It was created by FULL-PACKAGE-NAME configure VERSION, which was
generated by GNU Autoconf 2.57.  Invocation command line was

  $ ./configure 

## --------- ##
## Platform. ##
## --------- ##

hostname = mango
uname -m = sun4u
uname -r = 5.10
uname -s = SunOS
uname -v = Generic_125100-10

/usr/bin/uname -p = sparc
/bin/uname -X     = System = SunOS
Node = mango
Release = 5.10
KernelID = Generic_125100-10
Machine = sun4u
BusType = <unknown>
Serial = <unknown>
Users = <unknown>
OEM# = 0
Origin# = 1
NumCPU = 8

/bin/arch              = sun4
/usr/bin/arch -k       = sun4u
/usr/convex/getsysinfo = unknown
hostinfo               = unknown
/bin/machine           = unknown
/usr/bin/oslevel       = unknown
/bin/universe          = unknown

PATH: /opt/local/bin
PATH: /opt/csw/bin
PATH: /usr/bin
PATH: /sbin
PATH: /usr/sbin
PATH: /opt/local/sbin
PATH: /usr/openwin/bin
PATH: /opt/sfw/bin
PATH: /opt/sfw/sbin
PATH: /usr/sfw/bin
PATH: /usr/sfw/sbin


## ----------- ##
## Core tests. ##
## ----------- ##

configure:1286: checking for a BSD-compatible install
configure:1340: result: /opt/local/bin/install -c
configure:1351: checking whether build environment is sane
configure:1394: result: yes
configure:1427: checking for gawk
configure:1443: found /opt/local/bin/gawk
configure:1453: result: gawk
configure:1463: checking whether make sets $(MAKE)
configure:1483: result: yes
configure:1691: checking for g++
configure:1707: found /opt/local/bin/g++
configure:1717: result: g++
configure:1733: checking for C++ compiler version
configure:1736: g++ --version </dev/null >&5
g++ (GCC) 3.4.3 (csl-sol210-3_4-branch+sol_rpath)
Copyright (C) 2004 Free Software Foundation, Inc.
This is free software; see the source for copying conditions.  There is NO
warranty; not even for MERCHANTABILITY or FITNESS FOR A PARTICULAR PURPOSE.

configure:1739: $? = 0
configure:1741: g++ -v </dev/null >&5
Reading specs from /usr/sfw/lib/gcc/sparc-sun-solaris2.10/3.4.3/specs
Configured with: /gates/sfw10/builds/sfw10-gate/usr/src/cmd/gcc/gcc-3.4.3/configure --prefix=/usr/sfw --with-as=/usr/sfw/bin/gas --with-gnu-as --with-ld=/usr/ccs/bin/ld --without-gnu-ld --enable-languages=c,c++ --enable-shared
Thread model: posix
gcc version 3.4.3 (csl-sol210-3_4-branch+sol_rpath)
configure:1744: $? = 0
configure:1746: g++ -V </dev/null >&5
g++: `-V' option must have argument
configure:1749: $? = 1
configure:1773: checking for C++ compiler default output
configure:1776: g++    conftest.cc  >&5
configure:1779: $? = 0
configure:1825: result: a.out
configure:1830: checking whether the C++ compiler works
configure:1836: ./a.out
configure:1839: $? = 0
configure:1856: result: yes
configure:1863: checking whether we are cross compiling
configure:1865: result: no
configure:1868: checking for suffix of executables
configure:1870: g++ -o conftest    conftest.cc  >&5
configure:1873: $? = 0
configure:1898: result: 
configure:1904: checking for suffix of object files
configure:1926: g++ -c   conftest.cc >&5
configure:1929: $? = 0
configure:1951: result: o
configure:1955: checking whether we are using the GNU C++ compiler
configure:1980: g++ -c   conftest.cc >&5
configure:1983: $? = 0
configure:1986: test -s conftest.o
configure:1989: $? = 0
configure:2002: result: yes
configure:2008: checking whether g++ accepts -g
configure:2030: g++ -c -g  conftest.cc >&5
configure:2033: $? = 0
configure:2036: test -s conftest.o
configure:2039: $? = 0
configure:2050: result: yes
configure:2094: g++ -c -g -O2  conftest.cc >&5
configure:2097: $? = 0
configure:2100: test -s conftest.o
configure:2103: $? = 0
configure:2130: g++ -c -g -O2  conftest.cc >&5
configure: In function `int main()':
configure:2127: error: `exit' undeclared (first use this function)
configure:2127: error: (Each undeclared identifier is reported only once for each function it appears in.)
configure:2133: $? = 1
configure: failed program was:
| #line 2113 "configure"
| /* confdefs.h.  */
| 
| #define PACKAGE_NAME "FULL-PACKAGE-NAME"
| #define PACKAGE_TARNAME "full-package-name"
| #define PACKAGE_VERSION "VERSION"
| #define PACKAGE_STRING "FULL-PACKAGE-NAME VERSION"
| #define PACKAGE_BUGREPORT "BUG-REPORT-ADDRESS"
| #define PACKAGE "pcasift"
| #define VERSION "0.91p"
| /* end confdefs.h.  */
| 
| int
| main ()
| {
| exit (42);
|   ;
|   return 0;
| }
configure:2094: g++ -c -g -O2  conftest.cc >&5
configure:2097: $? = 0
configure:2100: test -s conftest.o
configure:2103: $? = 0
configure:2130: g++ -c -g -O2  conftest.cc >&5
configure:2133: $? = 0
configure:2136: test -s conftest.o
configure:2139: $? = 0
configure:2181: checking for style of include used by make
configure:2209: result: GNU
configure:2237: checking dependency style of g++
configure:2299: result: gcc3
configure:2350: checking for gcc
configure:2366: found /opt/local/bin/gcc
configure:2376: result: gcc
configure:2620: checking for C compiler version
configure:2623: gcc --version </dev/null >&5
gcc (GCC) 3.4.3 (csl-sol210-3_4-branch+sol_rpath)
Copyright (C) 2004 Free Software Foundation, Inc.
This is free software; see the source for copying conditions.  There is NO
warranty; not even for MERCHANTABILITY or FITNESS FOR A PARTICULAR PURPOSE.

configure:2626: $? = 0
configure:2628: gcc -v </dev/null >&5
Reading specs from /usr/sfw/lib/gcc/sparc-sun-solaris2.10/3.4.3/specs
Configured with: /gates/sfw10/builds/sfw10-gate/usr/src/cmd/gcc/gcc-3.4.3/configure --prefix=/usr/sfw --with-as=/usr/sfw/bin/gas --with-gnu-as --with-ld=/usr/ccs/bin/ld --without-gnu-ld --enable-languages=c,c++ --enable-shared
Thread model: posix
gcc version 3.4.3 (csl-sol210-3_4-branch+sol_rpath)
configure:2631: $? = 0
configure:2633: gcc -V </dev/null >&5
gcc: `-V' option must have argument
configure:2636: $? = 1
configure:2639: checking whether we are using the GNU C compiler
configure:2664: gcc -c   conftest.c >&5
configure:2667: $? = 0
configure:2670: test -s conftest.o
configure:2673: $? = 0
configure:2686: result: yes
configure:2692: checking whether gcc accepts -g
configure:2714: gcc -c -g  conftest.c >&5
configure:2717: $? = 0
configure:2720: test -s conftest.o
configure:2723: $? = 0
configure:2734: result: yes
configure:2751: checking for gcc option to accept ANSI C
configure:2812: gcc  -c -g -O2  conftest.c >&5
configure:2815: $? = 0
configure:2818: test -s conftest.o
configure:2821: $? = 0
configure:2839: result: none needed
configure:2857: gcc -c -g -O2  conftest.c >&5
conftest.c:2: error: syntax error before "me"
configure:2860: $? = 1
configure: failed program was:
| #ifndef __cplusplus
|   choke me
| #endif
configure:2971: checking dependency style of gcc
configure:3033: result: gcc3
configure:3154: creating ./config.status

## ---------------------- ##
## Running config.status. ##
## ---------------------- ##

This file was extended by FULL-PACKAGE-NAME config.status VERSION, which was
generated by GNU Autoconf 2.57.  Invocation command line was

  CONFIG_FILES    = 
  CONFIG_HEADERS  = 
  CONFIG_LINKS    = 
  CONFIG_COMMANDS = 
  $ ./config.status 

on mango

config.status:650: creating Makefile
config.status:754: creating config.h
config.status:839: config.h is unchanged
config.status:945: executing depfiles commands

## ---------------- ##
## Cache variables. ##
## ---------------- ##

ac_cv_c_compiler_gnu=yes
ac_cv_cxx_compiler_gnu=yes
ac_cv_env_CC_set=
ac_cv_env_CC_value=
ac_cv_env_CFLAGS_set=
ac_cv_env_CFLAGS_value=
ac_cv_env_CPPFLAGS_set=
ac_cv_env_CPPFLAGS_value=
ac_cv_env_CXXFLAGS_set=
ac_cv_env_CXXFLAGS_value=
ac_cv_env_CXX_set=
ac_cv_env_CXX_value=
ac_cv_env_LDFLAGS_set=
ac_cv_env_LDFLAGS_value=
ac_cv_env_build_alias_set=
ac_cv_env_build_alias_value=
ac_cv_env_host_alias_set=
ac_cv_env_host_alias_value=
ac_cv_env_target_alias_set=
ac_cv_env_target_alias_value=
ac_cv_exeext=
ac_cv_objext=o
ac_cv_path_install='/opt/local/bin/install -c'
ac_cv_prog_AWK=gawk
ac_cv_prog_ac_ct_CC=gcc
ac_cv_prog_ac_ct_CXX=g++
ac_cv_prog_cc_g=yes
ac_cv_prog_cc_stdc=
ac_cv_prog_cxx_g=yes
ac_cv_prog_make_make_set=yes
am_cv_CC_dependencies_compiler_type=gcc3
am_cv_CXX_dependencies_compiler_type=gcc3

## ----------------- ##
## Output variables. ##
## ----------------- ##

ACLOCAL='${SHELL} /home/58/emily/pcasift-0.91p/missing --run aclocal-1.6'
AMDEPBACKSLASH='\'
AMDEP_FALSE='#'
AMDEP_TRUE=''
AMTAR='${SHELL} /home/58/emily/pcasift-0.91p/missing --run tar'
AUTOCONF='${SHELL} /home/58/emily/pcasift-0.91p/missing --run autoconf'
AUTOHEADER='${SHELL} /home/58/emily/pcasift-0.91p/missing --run autoheader'
AUTOMAKE='${SHELL} /home/58/emily/pcasift-0.91p/missing --run automake-1.6'
AWK='gawk'
CC='gcc'
CCDEPMODE='depmode=gcc3'
CFLAGS='-g -O2'
CPPFLAGS=''
CXX='g++'
CXXDEPMODE='depmode=gcc3'
CXXFLAGS='-g -O2'
DEFS='-DHAVE_CONFIG_H'
DEPDIR='.deps'
ECHO_C=''
ECHO_N='-n'
ECHO_T=''
EXEEXT=''
INSTALL_DATA='${INSTALL} -m 644'
INSTALL_PROGRAM='${INSTALL}'
INSTALL_SCRIPT='${INSTALL}'
INSTALL_STRIP_PROGRAM='${SHELL} $(install_sh) -c -s'
LDFLAGS=''
LIBOBJS=''
LIBS=''
LTLIBOBJS=''
MAKEINFO='${SHELL} /home/58/emily/pcasift-0.91p/missing --run makeinfo'
OBJEXT='o'
PACKAGE='pcasift'
PACKAGE_BUGREPORT='BUG-REPORT-ADDRESS'
PACKAGE_NAME='FULL-PACKAGE-NAME'
PACKAGE_STRING='FULL-PACKAGE-NAME VERSION'
PACKAGE_TARNAME='full-package-name'
PACKAGE_VERSION='VERSION'
PATH_SEPARATOR=':'
SET_MAKE=''
SHELL='/bin/bash'
STRIP=''
VERSION='0.91p'
ac_ct_CC='gcc'
ac_ct_CXX='g++'
ac_ct_STRIP=''
am__include='include'
am__quote=''
bindir='${exec_prefix}/bin'
build_alias=''
datadir='${prefix}/share'
exec_prefix='${prefix}'
host_alias=''
includedir='${prefix}/include'
infodir='${prefix}/info'
install_sh='/home/58/emily/pcasift-0.91p/install-sh'
libdir='${exec_prefix}/lib'
libexecdir='${exec_prefix}/libexec'
localstatedir='${prefix}/var'
mandir='${prefix}/man'
oldincludedir='/usr/include'
prefix='/usr/local'
program_transform_name='s,x,x,'
sbindir='${exec_prefix}/sbin'
sharedstatedir='${prefix}/com'
sysconfdir='${prefix}/etc'
target_alias=''

## ----------- ##
## confdefs.h. ##
## ----------- ##

#define PACKAGE "pcasift"
#define PACKAGE_BUGREPORT "BUG-REPORT-ADDRESS"
#define PACKAGE_NAME "FULL-PACKAGE-NAME"
#define PACKAGE_STRING "FULL-PACKAGE-NAME VERSION"
#define PACKAGE_TARNAME "full-package-name"
#define PACKAGE_VERSION "VERSION"
#define VERSION "0.91p"
#endif
#ifdef __cplusplus
#include <stdlib.h>

configure: exit 0
