This file contains any messages produced by compilers while
running configure, to aid debugging if configure makes a mistake.

It was created by FULL-PACKAGE-NAME configure VERSION, which was
generated by GNU Autoconf 2.59.  Invocation command line was

  $ ./configure 

## --------- ##
## Platform. ##
## --------- ##

hostname = Dell-Vostro-5470
uname -m = x86_64
uname -r = 4.4.0-59-generic
uname -s = Linux
uname -v = #80-Ubuntu SMP Fri Jan 6 17:47:47 UTC 2017

/usr/bin/uname -p = unknown
/bin/uname -X     = unknown

/bin/arch              = unknown
/usr/bin/arch -k       = unknown
/usr/convex/getsysinfo = unknown
hostinfo               = unknown
/bin/machine           = unknown
/usr/bin/oslevel       = unknown
/bin/universe          = unknown

PATH: /home/max/miniconda2/bin
PATH: /home/max/miniconda2/bin
PATH: /home/max/miniconda3/bin
PATH: /home/max/bin
PATH: /home/max/.local/bin
PATH: /home/max/apache-storm-0.9.2-incubating/bin
PATH: /usr/local/sbin
PATH: /usr/local/bin
PATH: /usr/sbin
PATH: /usr/bin
PATH: /sbin
PATH: /bin
PATH: /usr/games
PATH: /usr/local/games
PATH: /snap/bin
PATH: /home/max/apache-storm-0.9.2-incubating/bin


## ----------- ##
## Core tests. ##
## ----------- ##

configure:1320: checking for a BSD-compatible install
configure:1375: result: /usr/bin/install -c
configure:1386: checking whether build environment is sane
configure:1429: result: yes
configure:1494: checking for gawk
configure:1523: result: no
configure:1494: checking for mawk
configure:1510: found /usr/bin/mawk
configure:1520: result: mawk
configure:1530: checking whether make sets $(MAKE)
configure:1550: result: yes
configure:1777: checking for g++
configure:1793: found /usr/bin/g++
configure:1803: result: g++
configure:1819: checking for C++ compiler version
configure:1822: g++ --version </dev/null >&5
g++ (Ubuntu 5.4.0-6ubuntu1~16.04.4) 5.4.0 20160609
Copyright (C) 2015 Free Software Foundation, Inc.
This is free software; see the source for copying conditions.  There is NO
warranty; not even for MERCHANTABILITY or FITNESS FOR A PARTICULAR PURPOSE.

configure:1825: $? = 0
configure:1827: g++ -v </dev/null >&5
Using built-in specs.
COLLECT_GCC=g++
COLLECT_LTO_WRAPPER=/usr/lib/gcc/x86_64-linux-gnu/5/lto-wrapper
Target: x86_64-linux-gnu
Configured with: ../src/configure -v --with-pkgversion='Ubuntu 5.4.0-6ubuntu1~16.04.4' --with-bugurl=file:///usr/share/doc/gcc-5/README.Bugs --enable-languages=c,ada,c++,java,go,d,fortran,objc,obj-c++ --prefix=/usr --program-suffix=-5 --enable-shared --enable-linker-build-id --libexecdir=/usr/lib --without-included-gettext --enable-threads=posix --libdir=/usr/lib --enable-nls --with-sysroot=/ --enable-clocale=gnu --enable-libstdcxx-debug --enable-libstdcxx-time=yes --with-default-libstdcxx-abi=new --enable-gnu-unique-object --disable-vtable-verify --enable-libmpx --enable-plugin --with-system-zlib --disable-browser-plugin --enable-java-awt=gtk --enable-gtk-cairo --with-java-home=/usr/lib/jvm/java-1.5.0-gcj-5-amd64/jre --enable-java-home --with-jvm-root-dir=/usr/lib/jvm/java-1.5.0-gcj-5-amd64 --with-jvm-jar-dir=/usr/lib/jvm-exports/java-1.5.0-gcj-5-amd64 --with-arch-directory=amd64 --with-ecj-jar=/usr/share/java/eclipse-ecj.jar --enable-objc-gc --enable-multiarch --disable-werror --with-arch-32=i686 --with-abi=m64 --with-multilib-list=m32,m64,mx32 --enable-multilib --with-tune=generic --enable-checking=release --build=x86_64-linux-gnu --host=x86_64-linux-gnu --target=x86_64-linux-gnu
Thread model: posix
gcc version 5.4.0 20160609 (Ubuntu 5.4.0-6ubuntu1~16.04.4) 
configure:1830: $? = 0
configure:1832: g++ -V </dev/null >&5
g++: error: unrecognized command line option '-V'
g++: fatal error: no input files
compilation terminated.
configure:1835: $? = 1
configure:1858: checking for C++ compiler default output file name
configure:1861: g++    conftest.cc  >&5
configure:1864: $? = 0
configure:1910: result: a.out
configure:1915: checking whether the C++ compiler works
configure:1921: ./a.out
configure:1924: $? = 0
configure:1941: result: yes
configure:1948: checking whether we are cross compiling
configure:1950: result: no
configure:1953: checking for suffix of executables
configure:1955: g++ -o conftest    conftest.cc  >&5
configure:1958: $? = 0
configure:1983: result: 
configure:1989: checking for suffix of object files
configure:2010: g++ -c   conftest.cc >&5
configure:2013: $? = 0
configure:2035: result: o
configure:2039: checking whether we are using the GNU C++ compiler
configure:2063: g++ -c   conftest.cc >&5
configure:2069: $? = 0
configure:2072: test -z 			 || test ! -s conftest.err
configure:2075: $? = 0
configure:2078: test -s conftest.o
configure:2081: $? = 0
configure:2094: result: yes
configure:2100: checking whether g++ accepts -g
configure:2121: g++ -c -g  conftest.cc >&5
configure:2127: $? = 0
configure:2130: test -z 			 || test ! -s conftest.err
configure:2133: $? = 0
configure:2136: test -s conftest.o
configure:2139: $? = 0
configure:2150: result: yes
configure:2192: g++ -c -g -O2  conftest.cc >&5
configure:2198: $? = 0
configure:2201: test -z 			 || test ! -s conftest.err
configure:2204: $? = 0
configure:2207: test -s conftest.o
configure:2210: $? = 0
configure:2236: g++ -c -g -O2  conftest.cc >&5
conftest.cc: In function 'int main()':
conftest.cc:15:9: error: 'exit' was not declared in this scope
 exit (42);
         ^
configure:2242: $? = 1
configure: failed program was:
| /* confdefs.h.  */
| 
| #define PACKAGE_NAME "FULL-PACKAGE-NAME"
| #define PACKAGE_TARNAME "full-package-name"
| #define PACKAGE_VERSION "VERSION"
| #define PACKAGE_STRING "FULL-PACKAGE-NAME VERSION"
| #define PACKAGE_BUGREPORT "BUG-REPORT-ADDRESS"
| #define PACKAGE "pcasift"
| #define VERSION "0.91nd"
| /* end confdefs.h.  */
| 
| int
| main ()
| {
| exit (42);
|   ;
|   return 0;
| }
configure:2192: g++ -c -g -O2  conftest.cc >&5
conftest.cc:11:40: error: 'void std::exit(int)' should have been declared inside 'std'
 extern "C" void std::exit (int) throw (); using std::exit;
                                        ^
configure:2198: $? = 1
configure: failed program was:
| /* confdefs.h.  */
| 
| #define PACKAGE_NAME "FULL-PACKAGE-NAME"
| #define PACKAGE_TARNAME "full-package-name"
| #define PACKAGE_VERSION "VERSION"
| #define PACKAGE_STRING "FULL-PACKAGE-NAME VERSION"
| #define PACKAGE_BUGREPORT "BUG-REPORT-ADDRESS"
| #define PACKAGE "pcasift"
| #define VERSION "0.91nd"
| /* end confdefs.h.  */
| extern "C" void std::exit (int) throw (); using std::exit;
| #include <stdlib.h>
| int
| main ()
| {
| exit (42);
|   ;
|   return 0;
| }
configure:2192: g++ -c -g -O2  conftest.cc >&5
conftest.cc:11:31: error: 'void std::exit(int)' should have been declared inside 'std'
 extern "C" void std::exit (int); using std::exit;
                               ^
In file included from conftest.cc:12:0:
/usr/include/stdlib.h:543:70: error: declaration of 'void std::exit(int) throw ()' has a different exception specifier
 extern void exit (int __status) __THROW __attribute__ ((__noreturn__));
                                                                      ^
conftest.cc:11:17: error: from previous declaration 'void std::exit(int)'
 extern "C" void std::exit (int); using std::exit;
                 ^
configure:2198: $? = 1
configure: failed program was:
| /* confdefs.h.  */
| 
| #define PACKAGE_NAME "FULL-PACKAGE-NAME"
| #define PACKAGE_TARNAME "full-package-name"
| #define PACKAGE_VERSION "VERSION"
| #define PACKAGE_STRING "FULL-PACKAGE-NAME VERSION"
| #define PACKAGE_BUGREPORT "BUG-REPORT-ADDRESS"
| #define PACKAGE "pcasift"
| #define VERSION "0.91nd"
| /* end confdefs.h.  */
| extern "C" void std::exit (int); using std::exit;
| #include <stdlib.h>
| int
| main ()
| {
| exit (42);
|   ;
|   return 0;
| }
configure:2192: g++ -c -g -O2  conftest.cc >&5
configure:2198: $? = 0
configure:2201: test -z 			 || test ! -s conftest.err
configure:2204: $? = 0
configure:2207: test -s conftest.o
configure:2210: $? = 0
configure:2236: g++ -c -g -O2  conftest.cc >&5
configure:2242: $? = 0
configure:2245: test -z 			 || test ! -s conftest.err
configure:2248: $? = 0
configure:2251: test -s conftest.o
configure:2254: $? = 0
configure:2288: checking for style of include used by make
configure:2316: result: GNU
configure:2344: checking dependency style of g++
configure:2434: result: gcc3
configure:2497: checking for gcc
configure:2513: found /usr/bin/gcc
configure:2523: result: gcc
configure:2767: checking for C compiler version
configure:2770: gcc --version </dev/null >&5
gcc (Ubuntu 5.4.0-6ubuntu1~16.04.4) 5.4.0 20160609
Copyright (C) 2015 Free Software Foundation, Inc.
This is free software; see the source for copying conditions.  There is NO
warranty; not even for MERCHANTABILITY or FITNESS FOR A PARTICULAR PURPOSE.

configure:2773: $? = 0
configure:2775: gcc -v </dev/null >&5
Using built-in specs.
COLLECT_GCC=gcc
COLLECT_LTO_WRAPPER=/usr/lib/gcc/x86_64-linux-gnu/5/lto-wrapper
Target: x86_64-linux-gnu
Configured with: ../src/configure -v --with-pkgversion='Ubuntu 5.4.0-6ubuntu1~16.04.4' --with-bugurl=file:///usr/share/doc/gcc-5/README.Bugs --enable-languages=c,ada,c++,java,go,d,fortran,objc,obj-c++ --prefix=/usr --program-suffix=-5 --enable-shared --enable-linker-build-id --libexecdir=/usr/lib --without-included-gettext --enable-threads=posix --libdir=/usr/lib --enable-nls --with-sysroot=/ --enable-clocale=gnu --enable-libstdcxx-debug --enable-libstdcxx-time=yes --with-default-libstdcxx-abi=new --enable-gnu-unique-object --disable-vtable-verify --enable-libmpx --enable-plugin --with-system-zlib --disable-browser-plugin --enable-java-awt=gtk --enable-gtk-cairo --with-java-home=/usr/lib/jvm/java-1.5.0-gcj-5-amd64/jre --enable-java-home --with-jvm-root-dir=/usr/lib/jvm/java-1.5.0-gcj-5-amd64 --with-jvm-jar-dir=/usr/lib/jvm-exports/java-1.5.0-gcj-5-amd64 --with-arch-directory=amd64 --with-ecj-jar=/usr/share/java/eclipse-ecj.jar --enable-objc-gc --enable-multiarch --disable-werror --with-arch-32=i686 --with-abi=m64 --with-multilib-list=m32,m64,mx32 --enable-multilib --with-tune=generic --enable-checking=release --build=x86_64-linux-gnu --host=x86_64-linux-gnu --target=x86_64-linux-gnu
Thread model: posix
gcc version 5.4.0 20160609 (Ubuntu 5.4.0-6ubuntu1~16.04.4) 
configure:2778: $? = 0
configure:2780: gcc -V </dev/null >&5
gcc: error: unrecognized command line option '-V'
gcc: fatal error: no input files
compilation terminated.
configure:2783: $? = 1
configure:2786: checking whether we are using the GNU C compiler
configure:2810: gcc -c   conftest.c >&5
configure:2816: $? = 0
configure:2819: test -z 			 || test ! -s conftest.err
configure:2822: $? = 0
configure:2825: test -s conftest.o
configure:2828: $? = 0
configure:2841: result: yes
configure:2847: checking whether gcc accepts -g
configure:2868: gcc -c -g  conftest.c >&5
configure:2874: $? = 0
configure:2877: test -z 			 || test ! -s conftest.err
configure:2880: $? = 0
configure:2883: test -s conftest.o
configure:2886: $? = 0
configure:2897: result: yes
configure:2914: checking for gcc option to accept ANSI C
configure:2984: gcc  -c -g -O2  conftest.c >&5
configure:2990: $? = 0
configure:2993: test -z 			 || test ! -s conftest.err
configure:2996: $? = 0
configure:2999: test -s conftest.o
configure:3002: $? = 0
configure:3020: result: none needed
configure:3038: gcc -c -g -O2  conftest.c >&5
conftest.c:2:3: error: unknown type name 'choke'
   choke me
   ^
conftest.c:2:3: error: expected '=', ',', ';', 'asm' or '__attribute__' at end of input
configure:3044: $? = 1
configure: failed program was:
| #ifndef __cplusplus
|   choke me
| #endif
configure:3176: checking dependency style of gcc
configure:3266: result: gcc3
configure:3413: creating ./config.status

## ---------------------- ##
## Running config.status. ##
## ---------------------- ##

This file was extended by FULL-PACKAGE-NAME config.status VERSION, which was
generated by GNU Autoconf 2.59.  Invocation command line was

  CONFIG_FILES    = 
  CONFIG_HEADERS  = 
  CONFIG_LINKS    = 
  CONFIG_COMMANDS = 
  $ ./config.status 

on Dell-Vostro-5470

config.status:732: creating Makefile
config.status:798: creating config.h
config.status:884: config.h is unchanged
config.status:1064: executing depfiles commands

## ---------------- ##
## Cache variables. ##
## ---------------- ##

ac_cv_c_compiler_gnu=yes
ac_cv_cxx_compiler_gnu=yes
ac_cv_env_CC_set=
ac_cv_env_CC_value=
ac_cv_env_CFLAGS_set=
ac_cv_env_CFLAGS_value=
ac_cv_env_CPPFLAGS_set=
ac_cv_env_CPPFLAGS_value=
ac_cv_env_CXXFLAGS_set=
ac_cv_env_CXXFLAGS_value=
ac_cv_env_CXX_set=
ac_cv_env_CXX_value=
ac_cv_env_LDFLAGS_set=
ac_cv_env_LDFLAGS_value=
ac_cv_env_build_alias_set=
ac_cv_env_build_alias_value=
ac_cv_env_host_alias_set=
ac_cv_env_host_alias_value=
ac_cv_env_target_alias_set=
ac_cv_env_target_alias_value=
ac_cv_exeext=
ac_cv_objext=o
ac_cv_path_install='/usr/bin/install -c'
ac_cv_prog_AWK=mawk
ac_cv_prog_ac_ct_CC=gcc
ac_cv_prog_ac_ct_CXX=g++
ac_cv_prog_cc_g=yes
ac_cv_prog_cc_stdc=
ac_cv_prog_cxx_g=yes
ac_cv_prog_make_make_set=yes
am_cv_CC_dependencies_compiler_type=gcc3
am_cv_CXX_dependencies_compiler_type=gcc3

## ----------------- ##
## Output variables. ##
## ----------------- ##

ACLOCAL='${SHELL} /home/max/Naoki/pcasift-0.91nd/missing --run aclocal-1.9'
AMDEPBACKSLASH='\'
AMDEP_FALSE='#'
AMDEP_TRUE=''
AMTAR='${SHELL} /home/max/Naoki/pcasift-0.91nd/missing --run tar'
AUTOCONF='${SHELL} /home/max/Naoki/pcasift-0.91nd/missing --run autoconf'
AUTOHEADER='${SHELL} /home/max/Naoki/pcasift-0.91nd/missing --run autoheader'
AUTOMAKE='${SHELL} /home/max/Naoki/pcasift-0.91nd/missing --run automake-1.9'
AWK='mawk'
CC='gcc'
CCDEPMODE='depmode=gcc3'
CFLAGS='-g -O2'
CPPFLAGS=''
CXX='g++'
CXXDEPMODE='depmode=gcc3'
CXXFLAGS='-g -O2'
CYGPATH_W='echo'
DEFS='-DHAVE_CONFIG_H'
DEPDIR='.deps'
ECHO_C=''
ECHO_N='-n'
ECHO_T=''
EXEEXT=''
INSTALL_DATA='${INSTALL} -m 644'
INSTALL_PROGRAM='${INSTALL}'
INSTALL_SCRIPT='${INSTALL}'
INSTALL_STRIP_PROGRAM='${SHELL} $(install_sh) -c -s'
LDFLAGS=''
LIBOBJS=''
LIBS=''
LTLIBOBJS=''
MAKEINFO='${SHELL} /home/max/Naoki/pcasift-0.91nd/missing --run makeinfo'
OBJEXT='o'
PACKAGE='pcasift'
PACKAGE_BUGREPORT='BUG-REPORT-ADDRESS'
PACKAGE_NAME='FULL-PACKAGE-NAME'
PACKAGE_STRING='FULL-PACKAGE-NAME VERSION'
PACKAGE_TARNAME='full-package-name'
PACKAGE_VERSION='VERSION'
PATH_SEPARATOR=':'
SET_MAKE=''
SHELL='/bin/bash'
STRIP=''
VERSION='0.91nd'
ac_ct_CC='gcc'
ac_ct_CXX='g++'
ac_ct_STRIP=''
am__fastdepCC_FALSE='#'
am__fastdepCC_TRUE=''
am__fastdepCXX_FALSE='#'
am__fastdepCXX_TRUE=''
am__include='include'
am__leading_dot='.'
am__quote=''
am__tar='${AMTAR} chof - "$$tardir"'
am__untar='${AMTAR} xf -'
bindir='${exec_prefix}/bin'
build_alias=''
datadir='${prefix}/share'
exec_prefix='${prefix}'
host_alias=''
includedir='${prefix}/include'
infodir='${prefix}/info'
install_sh='/home/max/Naoki/pcasift-0.91nd/install-sh'
libdir='${exec_prefix}/lib'
libexecdir='${exec_prefix}/libexec'
localstatedir='${prefix}/var'
mandir='${prefix}/man'
mkdir_p='mkdir -p --'
oldincludedir='/usr/include'
prefix='/usr/local'
program_transform_name='s,x,x,'
sbindir='${exec_prefix}/sbin'
sharedstatedir='${prefix}/com'
sysconfdir='${prefix}/etc'
target_alias=''

## ----------- ##
## confdefs.h. ##
## ----------- ##

#define PACKAGE "pcasift"
#define PACKAGE_BUGREPORT "BUG-REPORT-ADDRESS"
#define PACKAGE_NAME "FULL-PACKAGE-NAME"
#define PACKAGE_STRING "FULL-PACKAGE-NAME VERSION"
#define PACKAGE_TARNAME "full-package-name"
#define PACKAGE_VERSION "VERSION"
#define VERSION "0.91nd"
#endif
#ifdef __cplusplus
extern "C" void exit (int) throw ();

configure: exit 0
